<?xml version="1.0" encoding="UTF-8"?>
<testng-results ignored="0" total="1" passed="1" failed="0" skipped="0">
  <reporter-output>
  </reporter-output>
  <suite started-at="2026-03-16T03:36:35 IST" name="OrangeHRM Suit" finished-at="2026-03-16T03:37:33 IST" duration-ms="58709">
    <groups>
    </groups>
    <test started-at="2026-03-16T03:36:35 IST" name="Login test" finished-at="2026-03-16T03:37:33 IST" duration-ms="58709">
      <class name="tests.LoginTest">
        <test-method is-config="true" signature="set()[pri:0, instance:tests.LoginTest@52b1beb6]" started-at="2026-03-16T03:36:35 IST" name="set" finished-at="2026-03-16T03:37:28 IST" duration-ms="53724" status="PASS">
          <reporter-output>
          </reporter-output>
        </test-method> <!-- set -->
        <test-method signature="VerifyLogin()[pri:0, instance:tests.LoginTest@52b1beb6]" started-at="2026-03-16T03:37:28 IST" name="VerifyLogin" finished-at="2026-03-16T03:37:33 IST" duration-ms="4850" status="PASS">
          <reporter-output>
          </reporter-output>
        </test-method> <!-- VerifyLogin -->
      </class> <!-- tests.LoginTest -->
    </test> <!-- Login test -->
  </suite> <!-- OrangeHRM Suit -->
</testng-results>
